2001.01.15 17:27 B C:\Program Files\Adobe\PageMill 3.0\Triple A Rockshop\Images\blankbut.gif <-- WS_FTP16 /public_html/images blankbut.gif
2001.01.15 17:28 B C:\Program Files\Adobe\PageMill 3.0\Triple A Rockshop\Images\bruneau.jpg <-- WS_FTP16 /public_html/images bruneau.jpg
2001.01.15 17:28 B C:\Program Files\Adobe\PageMill 3.0\Triple A Rockshop\Images\bruneausm.jpg <-- WS_FTP16 /public_html/images bruneausm.jpg
2001.01.15 17:28 B C:\Program Files\Adobe\PageMill 3.0\Triple A Rockshop\Images\cab1.jpg <-- WS_FTP16 /public_html/images cab1.jpg
2001.01.15 17:28 B C:\Program Files\Adobe\PageMill 3.0\Triple A Rockshop\Images\carey.jpg <-- WS_FTP16 /public_html/images carey.jpg
2001.01.15 17:28 B C:\Program Files\Adobe\PageMill 3.0\Triple A Rockshop\Images\careysm.jpg <-- WS_FTP16 /public_html/images careysm.jpg
2001.01.15 17:28 B C:\Program Files\Adobe\PageMill 3.0\Triple A Rockshop\Images\cougar.jpg <-- WS_FTP16 /public_html/images cougar.jpg
2001.01.15 17:29 B C:\Program Files\Adobe\PageMill 3.0\Triple A Rockshop\Images\elk.jpg <-- WS_FTP16 /public_html/images elk.jpg
2001.01.15 17:29 B C:\Program Files\Adobe\PageMill 3.0\Triple A Rockshop\Images\enter.gif <-- WS_FTP16 /public_html/images enter.gif
2001.01.15 17:29 B C:\Program Files\Adobe\PageMill 3.0\Triple A Rockshop\Images\facet01.jpg <-- WS_FTP16 /public_html/images facet01.jpg
2001.01.15 17:29 B C:\Program Files\Adobe\PageMill 3.0\Triple A Rockshop\Images\frostblt.gif <-- WS_FTP16 /public_html/images frostblt.gif
2001.01.15 17:29 B C:\Program Files\Adobe\PageMill 3.0\Triple A Rockshop\Images\gls_gem.gif <-- WS_FTP16 /public_html/images gls_gem.gif
2001.01.15 17:29 B C:\Program Files\Adobe\PageMill 3.0\Triple A Rockshop\Images\morris.jpg <-- WS_FTP16 /public_html/images morris.jpg
2001.01.15 17:29 B C:\Program Files\Adobe\PageMill 3.0\Triple A Rockshop\Images\morrissm.jpg <-- WS_FTP16 /public_html/images morrissm.jpg
2001.01.15 17:29 B C:\Program Files\Adobe\PageMill 3.0\Triple A Rockshop\Images\slab1.jpg <-- WS_FTP16 /public_html/images slab1.jpg
2001.01.15 17:29 B C:\Program Files\Adobe\PageMill 3.0\Triple A Rockshop\Images\spacer.gif <-- WS_FTP16 /public_html/images spacer.gif
2001.01.15 17:29 B C:\Program Files\Adobe\PageMill 3.0\Triple A Rockshop\Images\starbkg.jpg <-- WS_FTP16 /public_html/images starbkg.jpg
2001.01.15 17:29 B C:\Program Files\Adobe\PageMill 3.0\Triple A Rockshop\Images\stars2.gif <-- WS_FTP16 /public_html/images stars2.gif
2001.01.15 17:29 B C:\Program Files\Adobe\PageMill 3.0\Triple A Rockshop\Images\tripleaname.gif <-- WS_FTP16 /public_html/images tripleaname.gif
2001.01.15 17:29 B C:\Program Files\Adobe\PageMill 3.0\Triple A Rockshop\Images\tripleanameblk.gif <-- WS_FTP16 /public_html/images tripleanameblk.gif
2001.01.15 17:30 B C:\Program Files\Adobe\PageMill 3.0\Triple A Rockshop\Images\vvfireopal.jpg <-- WS_FTP16 /public_html/images vvfireopal.jpg
2001.01.15 17:30 B C:\Program Files\Adobe\PageMill 3.0\Triple A Rockshop\Images\vvfireopalsm.jpg <-- WS_FTP16 /public_html/images vvfireopalsm.jpg
2001.01.15 22:14 B C:\Program Files\Adobe\PageMill 3.0\Triple A Rockshop\Images\bean.jpg --> 209.235.102.9 /public_html/images bean.jpg
2001.01.15 22:14 B C:\Program Files\Adobe\PageMill 3.0\Triple A Rockshop\Images\beansm.jpg --> 209.235.102.9 /public_html/images beansm.jpg
2001.01.15 22:15 B C:\Program Files\Adobe\PageMill 3.0\Triple A Rockshop\Images\sun.jpg --> 209.235.102.9 /public_html/images sun.jpg
2001.01.15 22:15 B C:\Program Files\Adobe\PageMill 3.0\Triple A Rockshop\Images\sunbtn.jpg --> 209.235.102.9 /public_html/images sunbtn.jpg
